INFO:sim:172 - Generating IP...
ERROR:sim - Unable to find B
ERROR:sim -    Coregen is looking for C:\Documents and Settings\Administrator\My
ERROR:sim -    Documents\Xilinx\LED_matrix_driver_SP3\ipcore_dir\B
ERROR:sim - Unable to find BR
ERROR:sim -    Coregen is looking for C:\Documents and Settings\Administrator\My
ERROR:sim -    Documents\Xilinx\LED_matrix_driver_SP3\ipcore_dir\BR
ERROR:sim - Unable to find BRA
ERROR:sim -    Coregen is looking for C:\Documents and Settings\Administrator\My
ERROR:sim -    Documents\Xilinx\LED_matrix_driver_SP3\ipcore_dir\BRA
ERROR:sim - Unable to find BRAM
ERROR:sim -    Coregen is looking for C:\Documents and Settings\Administrator\My
ERROR:sim -    Documents\Xilinx\LED_matrix_driver_SP3\ipcore_dir\BRAM
ERROR:sim - Unable to find BRAM_
ERROR:sim -    Coregen is looking for C:\Documents and Settings\Administrator\My
ERROR:sim -    Documents\Xilinx\LED_matrix_driver_SP3\ipcore_dir\BRAM_
ERROR:sim - Unable to find BRAM_t
ERROR:sim -    Coregen is looking for C:\Documents and Settings\Administrator\My
ERROR:sim -    Documents\Xilinx\LED_matrix_driver_SP3\ipcore_dir\BRAM_t
ERROR:sim - Unable to find BRAM_to
ERROR:sim -    Coregen is looking for C:\Documents and Settings\Administrator\My
ERROR:sim -    Documents\Xilinx\LED_matrix_driver_SP3\ipcore_dir\BRAM_to
ERROR:sim - Unable to find BRAM_top
ERROR:sim -    Coregen is looking for C:\Documents and Settings\Administrator\My
ERROR:sim -    Documents\Xilinx\LED_matrix_driver_SP3\ipcore_dir\BRAM_top
ERROR:sim - Unable to find BRAM_top_
ERROR:sim -    Coregen is looking for C:\Documents and Settings\Administrator\My
ERROR:sim -    Documents\Xilinx\LED_matrix_driver_SP3\ipcore_dir\BRAM_top_
ERROR:sim - Unable to find BRAM_top_R
ERROR:sim -    Coregen is looking for C:\Documents and Settings\Administrator\My
ERROR:sim -    Documents\Xilinx\LED_matrix_driver_SP3\ipcore_dir\BRAM_top_R
ERROR:sim - Unable to find BRAM_top_R.
ERROR:sim -    Coregen is looking for C:\Documents and Settings\Administrator\My
ERROR:sim -    Documents\Xilinx\LED_matrix_driver_SP3\ipcore_dir\BRAM_top_R.
ERROR:sim - Unable to find BRAM_top_R.c
ERROR:sim -    Coregen is looking for C:\Documents and Settings\Administrator\My
ERROR:sim -    Documents\Xilinx\LED_matrix_driver_SP3\ipcore_dir\BRAM_top_R.c
ERROR:sim - Unable to find BRAM_top_R.co
ERROR:sim -    Coregen is looking for C:\Documents and Settings\Administrator\My
ERROR:sim -    Documents\Xilinx\LED_matrix_driver_SP3\ipcore_dir\BRAM_top_R.co
ERROR:sim - Unable to find BRAM_top_R.coe
ERROR:sim -    Coregen is looking for C:\Documents and Settings\Administrator\My
ERROR:sim -    Documents\Xilinx\LED_matrix_driver_SP3\ipcore_dir\BRAM_top_R.coe
ERROR:sim - Unable to find BRAM_top_R.co
ERROR:sim -    Coregen is looking for C:\Documents and Settings\Administrator\My
ERROR:sim -    Documents\Xilinx\LED_matrix_driver_SP3\ipcore_dir\BRAM_top_R.co
ERROR:sim - WARNING: Missing Error Message.ERROR:sim - Unable to find
   .\BRAM_top_R.co
ERROR:sim -    Coregen is looking for C:\Documents and Settings\Administrator\My
ERROR:sim -    Documents\Xilinx\LED_matrix_driver_SP3\ipcore_dir\BRAM_top_R.co
ERROR:sim - Unable to find .\BRAM_top_R.coee
ERROR:sim -    Coregen is looking for C:\Documents and Settings\Administrator\My
ERROR:sim -    Documents\Xilinx\LED_matrix_driver_SP3\ipcore_dir\BRAM_top_R.coee
ERROR:sim - Unable to find .\BRAM_top_R.co
ERROR:sim -    Coregen is looking for C:\Documents and Settings\Administrator\My
ERROR:sim -    Documents\Xilinx\LED_matrix_driver_SP3\ipcore_dir\BRAM_top_R.co
ERROR:sim - Unable to find .\BRAM_top_R.c
ERROR:sim -    Coregen is looking for C:\Documents and Settings\Administrator\My
ERROR:sim -    Documents\Xilinx\LED_matrix_driver_SP3\ipcore_dir\BRAM_top_R.c
ERROR:sim - Unable to find .\BRAM_top_R.co
ERROR:sim -    Coregen is looking for C:\Documents and Settings\Administrator\My
ERROR:sim -    Documents\Xilinx\LED_matrix_driver_SP3\ipcore_dir\BRAM_top_R.co
ERROR:sim - The actual entries: 23f4 , for Memory Initialization vector should
Resolving generics for 'BRAM_top_R'...
Applying external generics to 'BRAM_top_R'...
Delivering associated files for 'BRAM_top_R'...
Delivering EJava files for 'BRAM_top_R'...
Generating implementation netlist for 'BRAM_top_R'...
INFO:sim - Pre-processing HDL files for 'BRAM_top_R'...
Running synthesis for 'BRAM_top_R'
Running ngcbuild...
Writing VHO instantiation template for 'BRAM_top_R'...
Writing VHDL behavioral simulation model for 'BRAM_top_R'...
WARNING:sim - Overwriting existing file C:/Documents and
   Settings/Administrator/My
   Documents/Xilinx/LED_matrix_driver_SP3/ipcore_dir/tmp/_cg/BRAM_top_R/doc/blk_
   mem_gen_v7_3_vinfo.html with file from view xilinx_documentation
Delivered 1 file into directory C:/Documents and Settings/Administrator/My
Documents/Xilinx/LED_matrix_driver_SP3/ipcore_dir/tmp/_cg/BRAM_top_R
Generating ASY schematic symbol...
INFO:sim:949 - Finished generation of ASY schematic symbol.
Generating SYM schematic symbol for 'BRAM_top_R'...
Generating metadata file...
Generating ISE project file for 'BRAM_top_R'...
Generating ISE project...
XCO file found: BRAM_top_R.xco
XMDF file found: BRAM_top_R_xmdf.tcl
Adding C:/Documents and Settings/Administrator/My
Documents/Xilinx/LED_matrix_driver_SP3/ipcore_dir/tmp/_cg/BRAM_top_R.asy -view
all -origin_type imported
Adding C:/Documents and Settings/Administrator/My
Documents/Xilinx/LED_matrix_driver_SP3/ipcore_dir/tmp/_cg/BRAM_top_R.ngc -view
all -origin_type created
Checking file "C:/Documents and Settings/Administrator/My
Documents/Xilinx/LED_matrix_driver_SP3/ipcore_dir/tmp/_cg/BRAM_top_R.ngc" for
project device match ...
File "C:/Documents and Settings/Administrator/My
Documents/Xilinx/LED_matrix_driver_SP3/ipcore_dir/tmp/_cg/BRAM_top_R.ngc" device
information matches project device.
Adding C:/Documents and Settings/Administrator/My
Documents/Xilinx/LED_matrix_driver_SP3/ipcore_dir/tmp/_cg/BRAM_top_R.sym -view
all -origin_type imported
Adding C:/Documents and Settings/Administrator/My
Documents/Xilinx/LED_matrix_driver_SP3/ipcore_dir/tmp/_cg/BRAM_top_R.vhd -view
all -origin_type created
INFO:HDLCompiler:1061 - Parsing VHDL file "C:/Documents and
   Settings/Administrator/My
   Documents/Xilinx/LED_matrix_driver_SP3/ipcore_dir/tmp/_cg/BRAM_top_R.vhd"
   into library work
INFO:ProjectMgmt - Parsing design hierarchy completed successfully.
Adding C:/Documents and Settings/Administrator/My
Documents/Xilinx/LED_matrix_driver_SP3/ipcore_dir/tmp/_cg/BRAM_top_R.vho -view
all -origin_type imported
INFO:TclTasksC:2116 - The automatic calculation of top has been turned-off.
   Please set the new top explicitly by running the "project set top" command.
   To re-calculate the new top automatically, set the "Auto Implementation Top"
   property to true.
Top level has been set to "/BRAM_top_R"
Generating README file...
Generating FLIST file...
INFO:sim:948 - Finished FLIST file generation.
Launching README viewer...
Moving files to output directory...
Finished moving files to output directory
Wrote CGP file for project 'BRAM_top_R'.
